<?xml version="1.0" encoding="UTF-8"?>
<!-- Generated by org.testng.reporters.JUnitReportReporter -->
<testsuite hostname="DESKTOP-MQRFOO8" failures="0" tests="1" name="testCase.TestMysql" time="0.000" errors="0" timestamp="18 11æœˆ 2018 10:18:07 GMT" skipped="1">
  <testcase classname="testCase.TestMysql" name="testMySql" time="0.000">
    <skipped/>
  </testcase> <!-- testMySql -->
</testsuite> <!-- testCase.TestMysql -->
