<?xml version="1.0" encoding="UTF-8"?>
<!-- Generated by org.testng.reporters.JUnitReportReporter -->
<testsuite hostname="DESKTOP-MQRFOO8" failures="0" tests="2" name="dataProvider.TestNGDataProvider" time="16.983" errors="0" timestamp="21 11æœˆ 2018 08:17:08 GMT" skipped="0">
  <testcase classname="dataProvider.TestNGDataProvider" name="aaa" time="8.563"/>
  <testcase classname="dataProvider.TestNGDataProvider" name="aaa" time="8.420"/>
</testsuite> <!-- dataProvider.TestNGDataProvider -->
