<?xml version="1.0" encoding="UTF-8"?>
<!-- Generated by org.testng.reporters.JUnitReportReporter -->
<testsuite hostname="DESKTOP-MQRFOO8" failures="0" tests="1" name="testCase.buildZip" time="0.169" errors="0" timestamp="26 11æœˆ 2018 11:10:31 GMT" skipped="0">
  <testcase classname="testCase.buildZip" name="testZip" time="0.169"/>
</testsuite> <!-- testCase.buildZip -->
