<?xml version="1.0" encoding="UTF-8"?>
<!-- Generated by org.testng.reporters.JUnitReportReporter -->
<testsuite hostname="DESKTOP-MQRFOO8" failures="0" tests="1" name="utils.Demo" time="0.020" errors="0" timestamp="26 11æœˆ 2018 07:27:51 GMT" skipped="0">
  <testcase classname="utils.Demo" name="demo1" time="0.020"/>
</testsuite> <!-- utils.Demo -->
